Arguments: 
  C:\Program Files\nodejs\node.exe C:\Users\Melkor\AppData\Roaming\npm\node_modules\yarn\bin\yarn.js add react-router-dom

PATH: 
  C:\Users\Melkor\bin;C:\Program Files\Git\mingw64\bin;C:\Program Files\Git\usr\local\bin;C:\Program Files\Git\usr\bin;C:\Program Files\Git\usr\bin;C:\Program Files\Git\mingw64\bin;C:\Program Files\Git\usr\bin;C:\Users\Melkor\bin;C:\Program Files (x86)\Common Files\Oracle\Java\javapath;C:\Program Files (x86)\Intel\iCLS Client;C:\Program Files\Intel\iCLS Client;C:\windows\system32;C:\windows;C:\windows\System32\Wbem;C:\windows\System32\WindowsPowerShell\v1.0;C:\windows\System32\OpenSSH;C:\Program Files (x86)\Intel\Intel(R) Management Engine Components\DAL;C:\Program Files\Intel\Intel(R) Management Engine Components\DAL;C:\Program Files (x86)\Intel\Intel(R) Management Engine Components\IPT;C:\Program Files\Intel\Intel(R) Management Engine Components\IPT;C:\Program Files\NVIDIA Corporation\NVIDIA NvDLISR;C:\Program Files (x86)\NVIDIA Corporation\PhysX\Common;C:\Program Files\dotnet;C:\Program Files\Go\bin;C:\Program Files\nodejs;C:\Program Files\Git\cmd;C:\Program Files\CMake\bin;C:\MinGW\bin;C:\Program Files\Docker\Docker\resources\bin;C:\Program Files (x86)\Microsoft SQL Server\160\DTS\Binn;C:\Program Files\Azure Data Studio\bin;C:\windows\System32\Wbem;C:\Users\Melkor\AppData\Local\Microsoft\WindowsApps;C:\Users\Melkor\AppData\Local\Programs\Microsoft VS Code\bin;C:\Users\Melkor\AppData\Local\JetBrains\Toolbox\scripts;C:\Users\Melkor\go\bin;C:\Users\Melkor\AppData\Roaming\npm;C:\Users\Melkor\AppData\Local\Programs\Azure Data Studio\bin;C:\Program Files\Azure Data Studio\bin;C:\Program Files\Git\usr\bin\vendor_perl;C:\Program Files\Git\usr\bin\core_perl

Yarn version: 
  1.22.19

Node version: 
  16.17.1

Platform: 
  win32 x64

Trace: 
  Error: EPERM: operation not permitted, unlink 'C:\Users\Melkor\Documents\Projects\VisualStudioCode\SE2023\SE2023\node_modules\sqlite3\lib\binding\napi-v6-win32-unknown-x64\node_sqlite3.node'

npm manifest: 
  {
    "name": "se2023",
    "version": "1.0.0",
    "description": "",
    "main": "backend.js",
    "scripts": {
      "start": "node backend.js",
      "test": "echo \"Error: no test specified\" && exit 1"
    },
    "repository": {
      "type": "git",
      "url": "git+https://github.com/Melkor55/SE2023.git"
    },
    "author": "",
    "license": "ISC",
    "bugs": {
      "url": "https://github.com/Melkor55/SE2023/issues"
    },
    "homepage": "https://github.com/Melkor55/SE2023#readme",
    "dependencies": {
      "axios": "^1.3.4",
      "body-parser": "^1.20.2",
      "cors": "^2.8.5",
      "express": "^4.18.2",
      "node-rules": "^9.1.1",
      "sqlite3": "^5.1.6"
    }
  }

yarn manifest: 
  No manifest

Lockfile: 
  No lockfile
